<?xml version="1.0" encoding="UTF-8"?>
<!-- Generated by org.testng.reporters.JUnitXMLReporter -->
<testsuite ignored="0" hostname="PP-IN-LAP-193" failures="1" tests="7" name="Free CRM App Test Cases" time="53.589" errors="0" timestamp="2024-09-28T17:49:28 IST">
  <testcase classname="com.glams.qa.testcases.LoginPageTest" name="loginPageTitleTest" time="0.022"/>
  <testcase classname="com.glams.qa.testcases.LoginPageTest" name="GLAMSLogoTest" time="0.056"/>
  <testcase classname="com.glams.qa.testcases.LoginPageTest" name="loginTest" time="3.539"/>
  <testcase classname="com.glams.qa.testcases.DashboardPageTest" name="verifyUserNameTest" time="2.827">
    <failure type="java.lang.AssertionError" message="expected [true] but found [false]">
      <![CDATA[java.lang.AssertionError: expected [true] but found [false]
at com.glams.qa.testcases.DashboardPageTest.verifyUserNameTest(DashboardPageTest.java:38)
at java.base/java.util.ArrayList.forEach(ArrayList.java:1511)
... Removed 31 stack frames]]>
    </failure>
  </testcase> <!-- verifyUserNameTest -->
  <testcase classname="com.glams.qa.testcases.DashboardPageTest" name="verifyDasboardTitlePageTest" time="0.012"/>
  <testcase classname="com.glams.qa.testcases.DashboardPageTest" name="verifyclickOnGLAMSComponentRequestPageTest" time="5.329"/>
  <testcase classname="com.glams.qa.testcases.DashboardPageTest" name="verifyclickOnGLAMSComponentTrackerPageTest" time="7.331"/>
</testsuite> <!-- Free CRM App Test Cases -->
