<?xml version="1.0" encoding="UTF-8"?>
<!-- Generated by org.testng.reporters.JUnitXMLReporter -->
<testsuite ignored="0" hostname="PP-IN-LAP-193" failures="1" tests="1" name="GLAMS Test Cases" time="19.265" errors="0" timestamp="30 Sep 2024 01:02:48 GMT">
  <testcase classname="com.glams.qa.testcases.GLAMSComponentTrackerPageTest" name="HoldAComponentJob" time="6.017">
    <failure type="java.lang.AssertionError" message="PartNumber not matched expected [BLI-12663-01jkjkhuf] but found [BLI-12663-01]">
      <![CDATA[java.lang.AssertionError: PartNumber not matched expected [BLI-12663-01jkjkhuf] but found [BLI-12663-01]
	at com.glams.qa.pages.GLAMSComponentTrackerPage.SearchandJobControl(GLAMSComponentTrackerPage.java:43)
	at com.glams.qa.testcases.GLAMSComponentTrackerPageTest.HoldAComponentJob(GLAMSComponentTrackerPageTest.java:47)
... Removed 30 stack frames]]>
    </failure>
  </testcase> <!-- HoldAComponentJob -->
</testsuite> <!-- GLAMS Test Cases -->
