<?xml version="1.0" encoding="UTF-8"?>
<!-- Generated by org.testng.reporters.JUnitXMLReporter -->
<testsuite ignored="0" hostname="PP-IN-LAP-193" failures="2" tests="8" name="GLAMS App Test Cases" time="65.446" errors="0" timestamp="2024-09-28T19:05:05 IST">
  <testcase classname="com.glams.qa.testcases.LoginPageTest" name="loginPageTitleTest" time="0.009"/>
  <testcase classname="com.glams.qa.testcases.LoginPageTest" name="GLAMSLogoTest" time="0.021"/>
  <testcase classname="com.glams.qa.testcases.LoginPageTest" name="loginTest" time="2.349"/>
  <testcase classname="com.glams.qa.testcases.DashboardPageTest" name="verifyUserNameTest" time="2.435">
    <failure type="java.lang.AssertionError" message="expected [true] but found [false]">
      <![CDATA[java.lang.AssertionError: expected [true] but found [false]
at com.glams.qa.testcases.DashboardPageTest.verifyUserNameTest(DashboardPageTest.java:38)
at java.base/java.util.ArrayList.forEach(ArrayList.java:1511)
... Removed 31 stack frames]]>
    </failure>
  </testcase> <!-- verifyUserNameTest -->
  <testcase classname="com.glams.qa.testcases.DashboardPageTest" name="verifyDasboardTitlePageTest" time="0.006"/>
  <testcase classname="com.glams.qa.testcases.DashboardPageTest" name="verifyclickOnGLAMSComponentRequestPageTest" time="5.229"/>
  <testcase classname="com.glams.qa.testcases.DashboardPageTest" name="verifyclickOnGLAMSComponentTrackerPageTest" time="4.905"/>
  <testcase classname="com.glams.qa.testcases.GLAMSComponentRequestPageTest" name="allMandatoryfieldsInRequestPage" time="10.375">
    <failure type="org.openqa.selenium.ElementNotInteractableException" message="element not interactable
  (Session info: chrome=129.0.6668.71)
Build info: version: &amp;apos;4.22.0&amp;apos;, revision: &amp;apos;c5f3146703*&amp;apos;
System info: os.name: &amp;apos;Windows 11&amp;apos;, os.arch: &amp;apos;amd64&amp;apos;, os.version: &amp;apos;10.0&amp;apos;, java.version: &amp;apos;17.0.7&amp;apos;
Driver info: org.openqa.selenium.chrome.ChromeDriver
Command: [d3252ab3f3f114ce013a1c39643ec12b, clickElement {id=f.CF9D495010B9170F4F9AF3F905A8F2B6.d.DA287EAF15EBC5CFFB402112BD0024E4.e.15813}]
Capabilities {acceptInsecureCerts: false, browserName: chrome, browserVersion: 129.0.6668.71, chrome: {chromedriverVersion: 128.0.6613.119 (6e439cfca4d..., userDataDir: C:\Users\HARIPR~1.ALL\AppDa...}, fedcm:accounts: true, goog:chromeOptions: {debuggerAddress: localhost:59007}, networkConnectionEnabled: false, pageLoadStrategy: normal, platformName: windows, proxy: Proxy(), se:cdp: ws://localhost:59007/devtoo..., se:cdpVersion: 129.0.6668.71, setWindowRect: true, strictFileInteractability: false, timeouts: {implicit: 0, pageLoad: 300000, script: 30000}, unhandledPromptBehavior: dismiss and notify, webauthn:extension:credBlob: true, webauthn:extension:largeBlob: true, webauthn:extension:minPinLength: true, webauthn:extension:prf: true, webauthn:virtualAuthenticators: true}
Element: [[ChromeDriver: chrome on windows (d3252ab3f3f114ce013a1c39643ec12b)] -&amp;gt; xpath: //li[text()=&amp;apos;Blister&amp;apos;]]
Session ID: d3252ab3f3f114ce013a1c39643ec12b">
      <![CDATA[org.openqa.selenium.ElementNotInteractableException: element not interactable
  (Session info: chrome=129.0.6668.71)
Build info: version: '4.22.0', revision: 'c5f3146703*'
System info: os.name: 'Windows 11', os.arch: 'amd64', os.version: '10.0', java.version: '17.0.7'
Driver info: org.openqa.selenium.chrome.ChromeDriver
Command: [d3252ab3f3f114ce013a1c39643ec12b, clickElement {id=f.CF9D495010B9170F4F9AF3F905A8F2B6.d.DA287EAF15EBC5CFFB402112BD0024E4.e.15813}]
Capabilities {acceptInsecureCerts: false, browserName: chrome, browserVersion: 129.0.6668.71, chrome: {chromedriverVersion: 128.0.6613.119 (6e439cfca4d..., userDataDir: C:\Users\HARIPR~1.ALL\AppDa...}, fedcm:accounts: true, goog:chromeOptions: {debuggerAddress: localhost:59007}, networkConnectionEnabled: false, pageLoadStrategy: normal, platformName: windows, proxy: Proxy(), se:cdp: ws://localhost:59007/devtoo..., se:cdpVersion: 129.0.6668.71, setWindowRect: true, strictFileInteractability: false, timeouts: {implicit: 0, pageLoad: 300000, script: 30000}, unhandledPromptBehavior: dismiss and notify, webauthn:extension:credBlob: true, webauthn:extension:largeBlob: true, webauthn:extension:minPinLength: true, webauthn:extension:prf: true, webauthn:virtualAuthenticators: true}
Element: [[ChromeDriver: chrome on windows (d3252ab3f3f114ce013a1c39643ec12b)] -> xpath: //li[text()='Blister']]
Session ID: d3252ab3f3f114ce013a1c39643ec12b
at org.openqa.selenium.remote.ErrorCodec.decode(ErrorCodec.java:167)
at org.openqa.selenium.remote.codec.w3c.W3CHttpResponseCodec.decode(W3CHttpResponseCodec.java:138)
at org.openqa.selenium.remote.codec.w3c.W3CHttpResponseCodec.decode(W3CHttpResponseCodec.java:50)
at org.openqa.selenium.remote.HttpCommandExecutor.execute(HttpCommandExecutor.java:190)
at org.openqa.selenium.remote.service.DriverCommandExecutor.invokeExecute(DriverCommandExecutor.java:216)
at org.openqa.selenium.remote.service.DriverCommandExecutor.execute(DriverCommandExecutor.java:174)
at org.openqa.selenium.remote.RemoteWebDriver.execute(RemoteWebDriver.java:518)
at org.openqa.selenium.remote.RemoteWebElement.execute(RemoteWebElement.java:223)
at org.openqa.selenium.remote.RemoteWebElement.click(RemoteWebElement.java:76)
at org.openqa.selenium.support.pagefactory.internal.LocatingElementHandler.invoke(LocatingElementHandler.java:51)
at jdk.proxy2/jdk.proxy2.$Proxy12.click(Unknown Source)
at com.glams.qa.pages.GLAMSComponentRequestPage.GLAMSComponentTypeDropDown(GLAMSComponentRequestPage.java:69)
at com.glams.qa.testcases.GLAMSComponentRequestPageTest.allMandatoryfieldsInRequestPage(GLAMSComponentRequestPageTest.java:53)
at java.base/java.util.ArrayList.forEach(ArrayList.java:1511)
... Removed 35 stack frames]]>
    </failure>
  </testcase> <!-- allMandatoryfieldsInRequestPage -->
</testsuite> <!-- GLAMS App Test Cases -->
